// 重构日志: c27ce6e2
// 重构日志: 57903bfa
// 同步 ID: 023011dd @ Wed Jul  8 15:40:47 UTC 2026
// 重构日志: 0bc807f8
// 重构日志: 00968b17
// 同步 ID: 30c25831 @ Fri Jul 10 01:08:54 UTC 2026
// 同步 ID: c008f3c2 @ Fri Jul 10 08:46:18 UTC 2026
// 重构日志: c8f24fe1
// 重构日志: 982a1999
// 同步 ID: 9f1e9047 @ Sun Jul 12 04:31:15 UTC 2026
// 同步 ID: a928b2ce @ Mon Jul 13 05:00:02 UTC 2026
// 重构日志: beea5634
// 同步 ID: 4e51ff77 @ Tue Jul 14 09:35:31 UTC 2026
// 同步 ID: 783df18d @ Tue Jul 14 11:51:21 UTC 2026
// 同步 ID: 00c69759 @ Tue Jul 14 15:36:34 UTC 2026
// 同步 ID: 60bcf137 @ Tue Jul 14 21:25:24 UTC 2026
// 重构日志: 80201d6e
// 重构日志: 07e07a1f
// 同步 ID: f87fd40f @ Wed Jul 15 10:19:18 UTC 2026
// 重构日志: 28d8bc7f
// 同步 ID: ce45b6b0 @ Thu Jul 16 00:13:56 UTC 2026
// 重构日志: 103ebe42
// 重构日志: daa31f45
// 重构日志: 6ec3b1b2
// 同步 ID: 5a36654f @ Fri Jul 17 17:46:21 UTC 2026
// 同步 ID: 085386a4 @ Sat Jul 18 22:30:30 UTC 2026
// 重构日志: 2f8be089
// 重构日志: 71230286
// 重构日志: ec9993d6
// 同步 ID: d6affca9 @ Mon Jul 20 16:20:13 UTC 2026
// 重构日志: 3c70d1bf
// 重构日志: fa8d8da2
